Using pre-set license
Built from '2022.3/release' branch; Version is '2022.3.20f1 (61c2feb0970d) revision 6406910'; Using compiler version '192829333'; Build Type 'Release'
OS: 'Windows 10  (10.0.19044) 64bit Professional' Language: 'ru' Physical Memory: 8023 MB
BatchMode: 1, IsHumanControllingUs: 0, StartBugReporterOnCrash: 0, Is64bit: 1, IsPro: 1

COMMAND LINE ARGUMENTS:
A:\UnityEditorFolder\Unity 2022.3.20f1\Editor\Unity.exe
-adb2
-batchMode
-noUpm
-name
AssetImportWorker0
-projectPath
A:/UnityProjects/SlotProjects/Slot-Place/Slot Place
-logFile
Logs/AssetImportWorker0.log
-srvPort
49642
Successfully changed project path to: A:/UnityProjects/SlotProjects/Slot-Place/Slot Place
A:/UnityProjects/SlotProjects/Slot-Place/Slot Place
[UnityMemory] Configuration Parameters - Can be set up in boot.config
    "memorysetup-bucket-allocator-granularity=16"
    "memorysetup-bucket-allocator-bucket-count=8"
    "memorysetup-bucket-allocator-block-size=33554432"
    "memorysetup-bucket-allocator-block-count=8"
    "memorysetup-main-allocator-block-size=16777216"
    "memorysetup-thread-allocator-block-size=16777216"
    "memorysetup-gfx-main-allocator-block-size=16777216"
    "memorysetup-gfx-thread-allocator-block-size=16777216"
    "memorysetup-cache-allocator-block-size=4194304"
    "memorysetup-typetree-allocator-block-size=2097152"
    "memorysetup-profiler-bucket-allocator-granularity=16"
    "memorysetup-profiler-bucket-allocator-bucket-count=8"
    "memorysetup-profiler-bucket-allocator-block-size=33554432"
    "memorysetup-profiler-bucket-allocator-block-count=8"
    "memorysetup-profiler-allocator-block-size=16777216"
    "memorysetup-profiler-editor-allocator-block-size=1048576"
    "memorysetup-temp-allocator-size-main=16777216"
    "memorysetup-job-temp-allocator-block-size=2097152"
    "memorysetup-job-temp-allocator-block-size-background=1048576"
    "memorysetup-job-temp-allocator-reduction-small-platforms=262144"
    "memorysetup-allocator-temp-initial-block-size-main=262144"
    "memorysetup-allocator-temp-initial-block-size-worker=262144"
    "memorysetup-temp-allocator-size-background-worker=32768"
    "memorysetup-temp-allocator-size-job-worker=262144"
    "memorysetup-temp-allocator-size-preload-manager=33554432"
    "memorysetup-temp-allocator-size-nav-mesh-worker=65536"
    "memorysetup-temp-allocator-size-audio-worker=65536"
    "memorysetup-temp-allocator-size-cloud-worker=32768"
    "memorysetup-temp-allocator-size-gi-baking-worker=262144"
    "memorysetup-temp-allocator-size-gfx=262144"
Player connection [1884] Host "[IP] 25.58.39.68 [Port] 0 [Flags] 2 [Guid] 4078497925 [EditorId] 4078497925 [Version] 1048832 [Id] WindowsEditor(7,User-PC) [Debug] 1 [PackageName] WindowsEditor [ProjectName] Editor" joined multi-casting on [225.0.0.222:54997]...

Player connection [1884] Host "[IP] 25.58.39.68 [Port] 0 [Flags] 2 [Guid] 4078497925 [EditorId] 4078497925 [Version] 1048832 [Id] WindowsEditor(7,User-PC) [Debug] 1 [PackageName] WindowsEditor [ProjectName] Editor" joined alternative multi-casting on [225.0.0.222:34997]...

[Physics::Module] Initialized MultithreadedJobDispatcher with 7 workers.
Refreshing native plugins compatible for Editor in 13.32 ms, found 4 plugins.
Preloading 0 native plugins for Editor in 0.00 ms.
Initialize engine version: 2022.3.20f1 (61c2feb0970d)
[Subsystems] Discovering subsystems at path A:/UnityEditorFolder/Unity 2022.3.20f1/Editor/Data/Resources/UnitySubsystems
[Subsystems] Discovering subsystems at path A:/UnityProjects/SlotProjects/Slot-Place/Slot Place/Assets
GfxDevice: creating device client; threaded=0; jobified=0
Direct3D:
    Version:  Direct3D 11.0 [level 11.1]
    Renderer: NVIDIA GeForce RTX 3050 Laptop GPU (ID=0x25a2)
    Vendor:   NVIDIA
    VRAM:     3977 MB
    Driver:   31.0.15.3742
Initialize mono
Mono path[0] = 'A:/UnityEditorFolder/Unity 2022.3.20f1/Editor/Data/Managed'
Mono path[1] = 'A:/UnityEditorFolder/Unity 2022.3.20f1/Editor/Data/MonoBleedingEdge/lib/mono/unityjit-win32'
Mono config path = 'A:/UnityEditorFolder/Unity 2022.3.20f1/Editor/Data/MonoBleedingEdge/etc'
Using monoOptions --debugger-agent=transport=dt_socket,embedding=1,server=y,suspend=n,address=127.0.0.1:56868
Begin MonoManager ReloadAssembly
Registering precompiled unity dll's ...
Register platform support module: A:/UnityEditorFolder/Unity 2022.3.20f1/Editor/Data/PlaybackEngines/AndroidPlayer/UnityEditor.Android.Extensions.dll
Register platform support module: A:/UnityEditorFolder/Unity 2022.3.20f1/Editor/Data/PlaybackEngines/iOSSupport/UnityEditor.iOS.Extensions.dll
Register platform support module: A:/UnityEditorFolder/Unity 2022.3.20f1/Editor/Data/PlaybackEngines/WindowsStandaloneSupport/UnityEditor.WindowsStandalone.Extensions.dll
Registered in 0.014397 seconds.
- Loaded All Assemblies, in  0.717 seconds
Native extension for WindowsStandalone target not found
[usbmuxd] Start listen thread
[usbmuxd] Listen thread started
Native extension for iOS target not found
Native extension for Android target not found
Mono: successfully reloaded assembly
- Finished resetting the current domain, in  0.497 seconds
Domain Reload Profiling: 1213ms
	BeginReloadAssembly (231ms)
		ExecutionOrderSort (0ms)
		DisableScriptedObjects (0ms)
		BackupInstance (0ms)
		ReleaseScriptingObjects (0ms)
		CreateAndSetChildDomain (1ms)
	RebuildCommonClasses (60ms)
	RebuildNativeTypeToScriptingClass (17ms)
	initialDomainReloadingComplete (113ms)
	LoadAllAssembliesAndSetupDomain (295ms)
		LoadAssemblies (233ms)
		RebuildTransferFunctionScriptingTraits (0ms)
		AnalyzeDomain (288ms)
			TypeCache.Refresh (286ms)
				TypeCache.ScanAssembly (256ms)
			ScanForSourceGeneratedMonoScriptInfo (1ms)
			ResolveRequiredComponents (1ms)
	FinalizeReload (497ms)
		ReleaseScriptCaches (0ms)
		RebuildScriptCaches (0ms)
		SetupLoadedEditorAssemblies (410ms)
			LogAssemblyErrors (0ms)
			InitializePlatformSupportModulesInManaged (175ms)
			SetLoadedEditorAssemblies (4ms)
			RefreshPlugins (0ms)
			BeforeProcessingInitializeOnLoad (2ms)
			ProcessInitializeOnLoadAttributes (182ms)
			ProcessInitializeOnLoadMethodAttributes (46ms)
			AfterProcessingInitializeOnLoad (0ms)
			EditorAssembliesLoaded (0ms)
		ExecutionOrderSort2 (0ms)
		AwakeInstancesAfterBackupRestoration (0ms)
========================================================================
Worker process is ready to serve import requests
Begin MonoManager ReloadAssembly
- Loaded All Assemblies, in  0.820 seconds
Refreshing native plugins compatible for Editor in 3.78 ms, found 4 plugins.
Native extension for WindowsStandalone target not found
Native extension for iOS target not found
Native extension for Android target not found
Package Manager log level set to [2]
[Package Manager] Server::EnsureServerProcessIsRunning -- launch failed, reason: Unity was launched with the -noUpm command-line argument
[Package Manager] UpmClient::Send -- Unable to send message (not connected to UPM process).
[Package Manager] Cannot connect to Unity Package Manager local server
Mono: successfully reloaded assembly
- Finished resetting the current domain, in  0.647 seconds
Domain Reload Profiling: 1467ms
	BeginReloadAssembly (164ms)
		ExecutionOrderSort (0ms)
		DisableScriptedObjects (5ms)
		BackupInstance (0ms)
		ReleaseScriptingObjects (0ms)
		CreateAndSetChildDomain (26ms)
	RebuildCommonClasses (35ms)
	RebuildNativeTypeToScriptingClass (11ms)
	initialDomainReloadingComplete (35ms)
	LoadAllAssembliesAndSetupDomain (575ms)
		LoadAssemblies (387ms)
		RebuildTransferFunctionScriptingTraits (0ms)
		AnalyzeDomain (284ms)
			TypeCache.Refresh (235ms)
				TypeCache.ScanAssembly (211ms)
			ScanForSourceGeneratedMonoScriptInfo (33ms)
			ResolveRequiredComponents (16ms)
	FinalizeReload (647ms)
		ReleaseScriptCaches (0ms)
		RebuildScriptCaches (0ms)
		SetupLoadedEditorAssemblies (453ms)
			LogAssemblyErrors (0ms)
			InitializePlatformSupportModulesInManaged (37ms)
			SetLoadedEditorAssemblies (5ms)
			RefreshPlugins (0ms)
			BeforeProcessingInitializeOnLoad (63ms)
			ProcessInitializeOnLoadAttributes (308ms)
			ProcessInitializeOnLoadMethodAttributes (37ms)
			AfterProcessingInitializeOnLoad (2ms)
			EditorAssembliesLoaded (0ms)
		ExecutionOrderSort2 (0ms)
		AwakeInstancesAfterBackupRestoration (5ms)
Launched and connected shader compiler UnityShaderCompiler.exe after 0.03 seconds
Refreshing native plugins compatible for Editor in 2.98 ms, found 4 plugins.
Preloading 0 native plugins for Editor in 0.00 ms.
Unloading 4872 Unused Serialized files (Serialized files now loaded: 0)
Unloading 75 unused Assets / (247.7 KB). Loaded Objects now: 5334.
Memory consumption went from 181.7 MB to 181.5 MB.
Total: 4.790900 ms (FindLiveObjects: 0.523200 ms CreateObjectMapping: 0.582900 ms MarkObjects: 3.370800 ms  DeleteObjects: 0.312800 ms)

AssetImportParameters requested are different than current active one (requested -> active):
  custom:container-demuxer-ogg: 62fdf1f143b41e24485cea50d1cbac27 -> 
  custom:video-decoder-ogg-theora: a1e56fd34408186e4bbccfd4996cb3dc -> 
  custom:framework-win-MediaFoundation: 216162199b28c13a410421893ffa2e32 -> 
  custom:CustomObjectIndexerAttribute: 6d391050e5a25f67b0a2c618074f2cd9 -> 
  custom:container-demuxer-webm: 4f35f7cbe854078d1ac9338744f61a02 -> 
  custom:container-muxer-webm: aa71ff27fc2769a1b78a27578f13a17b -> 
  custom:video-decoder-webm-vp8: 9c59270c3fd7afecdb556c50c9e8de78 -> 
  custom:SearchIndexIgnoredProperties: e643bd26f0fe6173181afceb89e7c659 -> 
  custom:AudioImporter_EditorPlatform: d09bf68614088b80899f8185d706f6e7 -> 
  custom:video-encoder-webm-vp8: eb34c28f22e8b96e1ab97ce403110664 -> 
  custom:audio-decoder-ogg-vorbis: bf7c407c2cedff20999df2af8eb42d56 -> 
  custom:audio-encoder-webm-vorbis: bf7c407c2cedff20999df2af8eb42d56 -> 
========================================================================
Received Import Request.
  Time since last request: 16150.609953 seconds.
  path: Assets/Scripts/SceneControl.cs
  artifactKey: Guid(a86a1c3e27fd9a0409198ec1196eb25b) Importer(815301076,1909f56bfc062723c751e8b465ee728b)
Start importing Assets/Scripts/SceneControl.cs using Guid(a86a1c3e27fd9a0409198ec1196eb25b) Importer(815301076,1909f56bfc062723c751e8b465ee728b)  -> (artifact id: 'cc1efed9cdb602d39b206f77a77bf4f2') in 0.003551 seconds
Number of updated asset objects reloaded before import = 0
Number of asset objects unloaded after import = 0
========================================================================
Received Prepare
Begin MonoManager ReloadAssembly
- Loaded All Assemblies, in  0.659 seconds
Refreshing native plugins compatible for Editor in 4.20 ms, found 4 plugins.
Native extension for WindowsStandalone target not found
Native extension for iOS target not found
Native extension for Android target not found
[Package Manager] Server::EnsureServerProcessIsRunning -- launch failed, reason: Unity was launched with the -noUpm command-line argument
[Package Manager] UpmClient::Send -- Unable to send message (not connected to UPM process).
[Package Manager] Cannot connect to Unity Package Manager local server
Mono: successfully reloaded assembly
- Finished resetting the current domain, in  1.333 seconds
Domain Reload Profiling: 1991ms
	BeginReloadAssembly (178ms)
		ExecutionOrderSort (0ms)
		DisableScriptedObjects (14ms)
		BackupInstance (0ms)
		ReleaseScriptingObjects (0ms)
		CreateAndSetChildDomain (42ms)
	RebuildCommonClasses (58ms)
	RebuildNativeTypeToScriptingClass (18ms)
	initialDomainReloadingComplete (25ms)
	LoadAllAssembliesAndSetupDomain (379ms)
		LoadAssemblies (420ms)
		RebuildTransferFunctionScriptingTraits (0ms)
		AnalyzeDomain (53ms)
			TypeCache.Refresh (18ms)
				TypeCache.ScanAssembly (1ms)
			ScanForSourceGeneratedMonoScriptInfo (20ms)
			ResolveRequiredComponents (14ms)
	FinalizeReload (1333ms)
		ReleaseScriptCaches (0ms)
		RebuildScriptCaches (0ms)
		SetupLoadedEditorAssemblies (416ms)
			LogAssemblyErrors (0ms)
			InitializePlatformSupportModulesInManaged (27ms)
			SetLoadedEditorAssemblies (3ms)
			RefreshPlugins (0ms)
			BeforeProcessingInitializeOnLoad (67ms)
			ProcessInitializeOnLoadAttributes (282ms)
			ProcessInitializeOnLoadMethodAttributes (35ms)
			AfterProcessingInitializeOnLoad (2ms)
			EditorAssembliesLoaded (0ms)
		ExecutionOrderSort2 (0ms)
		AwakeInstancesAfterBackupRestoration (11ms)
Refreshing native plugins compatible for Editor in 3.30 ms, found 4 plugins.
Preloading 0 native plugins for Editor in 0.00 ms.
Unloading 4833 Unused Serialized files (Serialized files now loaded: 0)
Unloading 47 unused Assets / (220.0 KB). Loaded Objects now: 5340.
Memory consumption went from 172.3 MB to 172.1 MB.
Total: 4.121200 ms (FindLiveObjects: 0.354800 ms CreateObjectMapping: 0.522600 ms MarkObjects: 3.029800 ms  DeleteObjects: 0.212900 ms)

Prepare: number of updated asset objects reloaded= 0
AssetImportParameters requested are different than current active one (requested -> active):
  custom:container-demuxer-ogg: 62fdf1f143b41e24485cea50d1cbac27 -> 
  custom:video-decoder-ogg-theora: a1e56fd34408186e4bbccfd4996cb3dc -> 
  custom:framework-win-MediaFoundation: 216162199b28c13a410421893ffa2e32 -> 
  custom:CustomObjectIndexerAttribute: 6d391050e5a25f67b0a2c618074f2cd9 -> 
  custom:container-demuxer-webm: 4f35f7cbe854078d1ac9338744f61a02 -> 
  custom:container-muxer-webm: aa71ff27fc2769a1b78a27578f13a17b -> 
  custom:video-decoder-webm-vp8: 9c59270c3fd7afecdb556c50c9e8de78 -> 
  custom:SearchIndexIgnoredProperties: e643bd26f0fe6173181afceb89e7c659 -> 
  custom:AudioImporter_EditorPlatform: d09bf68614088b80899f8185d706f6e7 -> 
  custom:video-encoder-webm-vp8: eb34c28f22e8b96e1ab97ce403110664 -> 
  custom:audio-decoder-ogg-vorbis: bf7c407c2cedff20999df2af8eb42d56 -> 
  custom:audio-encoder-webm-vorbis: bf7c407c2cedff20999df2af8eb42d56 -> 
========================================================================
Received Import Request.
  Time since last request: 11.296309 seconds.
  path: Assets/Scripts/SceneControl.cs
  artifactKey: Guid(a86a1c3e27fd9a0409198ec1196eb25b) Importer(815301076,1909f56bfc062723c751e8b465ee728b)
Start importing Assets/Scripts/SceneControl.cs using Guid(a86a1c3e27fd9a0409198ec1196eb25b) Importer(815301076,1909f56bfc062723c751e8b465ee728b)  -> (artifact id: 'dc720c13659c9147a4f7c098c169320d') in 0.001980 seconds
Number of updated asset objects reloaded before import = 0
Number of asset objects unloaded after import = 0
========================================================================
Received Prepare
Begin MonoManager ReloadAssembly
- Loaded All Assemblies, in  0.498 seconds
Refreshing native plugins compatible for Editor in 3.38 ms, found 4 plugins.
Native extension for WindowsStandalone target not found
Native extension for iOS target not found
Native extension for Android target not found
[Package Manager] Server::EnsureServerProcessIsRunning -- launch failed, reason: Unity was launched with the -noUpm command-line argument
[Package Manager] UpmClient::Send -- Unable to send message (not connected to UPM process).
[Package Manager] Cannot connect to Unity Package Manager local server
Mono: successfully reloaded assembly
- Finished resetting the current domain, in  1.243 seconds
Domain Reload Profiling: 1740ms
	BeginReloadAssembly (159ms)
		ExecutionOrderSort (0ms)
		DisableScriptedObjects (14ms)
		BackupInstance (0ms)
		ReleaseScriptingObjects (0ms)
		CreateAndSetChildDomain (34ms)
	RebuildCommonClasses (32ms)
	RebuildNativeTypeToScriptingClass (15ms)
	initialDomainReloadingComplete (25ms)
	LoadAllAssembliesAndSetupDomain (266ms)
		LoadAssemblies (305ms)
		RebuildTransferFunctionScriptingTraits (0ms)
		AnalyzeDomain (42ms)
			TypeCache.Refresh (14ms)
				TypeCache.ScanAssembly (1ms)
			ScanForSourceGeneratedMonoScriptInfo (15ms)
			ResolveRequiredComponents (12ms)
	FinalizeReload (1243ms)
		ReleaseScriptCaches (0ms)
		RebuildScriptCaches (0ms)
		SetupLoadedEditorAssemblies (394ms)
			LogAssemblyErrors (0ms)
			InitializePlatformSupportModulesInManaged (27ms)
			SetLoadedEditorAssemblies (3ms)
			RefreshPlugins (0ms)
			BeforeProcessingInitializeOnLoad (63ms)
			ProcessInitializeOnLoadAttributes (264ms)
			ProcessInitializeOnLoadMethodAttributes (35ms)
			AfterProcessingInitializeOnLoad (2ms)
			EditorAssembliesLoaded (0ms)
		ExecutionOrderSort2 (0ms)
		AwakeInstancesAfterBackupRestoration (14ms)
Refreshing native plugins compatible for Editor in 3.27 ms, found 4 plugins.
Preloading 0 native plugins for Editor in 0.00 ms.
Unloading 4833 Unused Serialized files (Serialized files now loaded: 0)
Unloading 47 unused Assets / (219.9 KB). Loaded Objects now: 5344.
Memory consumption went from 174.2 MB to 174.0 MB.
Total: 4.635900 ms (FindLiveObjects: 0.491900 ms CreateObjectMapping: 0.466600 ms MarkObjects: 3.383400 ms  DeleteObjects: 0.293000 ms)

Prepare: number of updated asset objects reloaded= 0
AssetImportParameters requested are different than current active one (requested -> active):
  custom:container-demuxer-ogg: 62fdf1f143b41e24485cea50d1cbac27 -> 
  custom:video-decoder-ogg-theora: a1e56fd34408186e4bbccfd4996cb3dc -> 
  custom:framework-win-MediaFoundation: 216162199b28c13a410421893ffa2e32 -> 
  custom:CustomObjectIndexerAttribute: 6d391050e5a25f67b0a2c618074f2cd9 -> 
  custom:container-demuxer-webm: 4f35f7cbe854078d1ac9338744f61a02 -> 
  custom:container-muxer-webm: aa71ff27fc2769a1b78a27578f13a17b -> 
  custom:video-decoder-webm-vp8: 9c59270c3fd7afecdb556c50c9e8de78 -> 
  custom:SearchIndexIgnoredProperties: e643bd26f0fe6173181afceb89e7c659 -> 
  custom:AudioImporter_EditorPlatform: d09bf68614088b80899f8185d706f6e7 -> 
  custom:video-encoder-webm-vp8: eb34c28f22e8b96e1ab97ce403110664 -> 
  custom:audio-decoder-ogg-vorbis: bf7c407c2cedff20999df2af8eb42d56 -> 
  custom:audio-encoder-webm-vorbis: bf7c407c2cedff20999df2af8eb42d56 -> 
========================================================================
Received Import Request.
  Time since last request: 339.121460 seconds.
  path: Assets/Scenes/BuildingGame.unity
  artifactKey: Guid(f54d63e70cf8d0645bad396e1656cbb2) Importer(815301076,1909f56bfc062723c751e8b465ee728b)
Start importing Assets/Scenes/BuildingGame.unity using Guid(f54d63e70cf8d0645bad396e1656cbb2) Importer(815301076,1909f56bfc062723c751e8b465ee728b)  -> (artifact id: 'b0fae7e2686ef13f8283f05bc086ad56') in 0.001958 seconds
Number of updated asset objects reloaded before import = 0
Number of asset objects unloaded after import = 0
========================================================================
Received Prepare
Begin MonoManager ReloadAssembly
- Loaded All Assemblies, in  0.506 seconds
Refreshing native plugins compatible for Editor in 3.30 ms, found 4 plugins.
Native extension for WindowsStandalone target not found
Native extension for iOS target not found
Native extension for Android target not found
[Package Manager] Server::EnsureServerProcessIsRunning -- launch failed, reason: Unity was launched with the -noUpm command-line argument
[Package Manager] UpmClient::Send -- Unable to send message (not connected to UPM process).
[Package Manager] Cannot connect to Unity Package Manager local server
Mono: successfully reloaded assembly
- Finished resetting the current domain, in  1.387 seconds
Domain Reload Profiling: 1893ms
	BeginReloadAssembly (156ms)
		ExecutionOrderSort (0ms)
		DisableScriptedObjects (14ms)
		BackupInstance (0ms)
		ReleaseScriptingObjects (0ms)
		CreateAndSetChildDomain (36ms)
	RebuildCommonClasses (36ms)
	RebuildNativeTypeToScriptingClass (11ms)
	initialDomainReloadingComplete (25ms)
	LoadAllAssembliesAndSetupDomain (277ms)
		LoadAssemblies (318ms)
		RebuildTransferFunctionScriptingTraits (0ms)
		AnalyzeDomain (40ms)
			TypeCache.Refresh (12ms)
				TypeCache.ScanAssembly (1ms)
			ScanForSourceGeneratedMonoScriptInfo (15ms)
			ResolveRequiredComponents (11ms)
	FinalizeReload (1388ms)
		ReleaseScriptCaches (0ms)
		RebuildScriptCaches (0ms)
		SetupLoadedEditorAssemblies (415ms)
			LogAssemblyErrors (0ms)
			InitializePlatformSupportModulesInManaged (28ms)
			SetLoadedEditorAssemblies (3ms)
			RefreshPlugins (0ms)
			BeforeProcessingInitializeOnLoad (73ms)
			ProcessInitializeOnLoadAttributes (277ms)
			ProcessInitializeOnLoadMethodAttributes (31ms)
			AfterProcessingInitializeOnLoad (2ms)
			EditorAssembliesLoaded (0ms)
		ExecutionOrderSort2 (0ms)
		AwakeInstancesAfterBackupRestoration (11ms)
Refreshing native plugins compatible for Editor in 3.39 ms, found 4 plugins.
Preloading 0 native plugins for Editor in 0.00 ms.
Unloading 4833 Unused Serialized files (Serialized files now loaded: 0)
Unloading 47 unused Assets / (219.8 KB). Loaded Objects now: 5348.
Memory consumption went from 176.2 MB to 176.0 MB.
Total: 4.334200 ms (FindLiveObjects: 0.411100 ms CreateObjectMapping: 0.401200 ms MarkObjects: 3.219600 ms  DeleteObjects: 0.301700 ms)

Prepare: number of updated asset objects reloaded= 0
AssetImportParameters requested are different than current active one (requested -> active):
  custom:container-demuxer-ogg: 62fdf1f143b41e24485cea50d1cbac27 -> 
  custom:video-decoder-ogg-theora: a1e56fd34408186e4bbccfd4996cb3dc -> 
  custom:framework-win-MediaFoundation: 216162199b28c13a410421893ffa2e32 -> 
  custom:CustomObjectIndexerAttribute: 6d391050e5a25f67b0a2c618074f2cd9 -> 
  custom:container-demuxer-webm: 4f35f7cbe854078d1ac9338744f61a02 -> 
  custom:container-muxer-webm: aa71ff27fc2769a1b78a27578f13a17b -> 
  custom:video-decoder-webm-vp8: 9c59270c3fd7afecdb556c50c9e8de78 -> 
  custom:SearchIndexIgnoredProperties: e643bd26f0fe6173181afceb89e7c659 -> 
  custom:AudioImporter_EditorPlatform: d09bf68614088b80899f8185d706f6e7 -> 
  custom:video-encoder-webm-vp8: eb34c28f22e8b96e1ab97ce403110664 -> 
  custom:audio-decoder-ogg-vorbis: bf7c407c2cedff20999df2af8eb42d56 -> 
  custom:audio-encoder-webm-vorbis: bf7c407c2cedff20999df2af8eb42d56 -> 
========================================================================
Received Prepare
Begin MonoManager ReloadAssembly
- Loaded All Assemblies, in  0.539 seconds
Refreshing native plugins compatible for Editor in 5.64 ms, found 4 plugins.
Native extension for WindowsStandalone target not found
Native extension for iOS target not found
Native extension for Android target not found
[Package Manager] Server::EnsureServerProcessIsRunning -- launch failed, reason: Unity was launched with the -noUpm command-line argument
[Package Manager] UpmClient::Send -- Unable to send message (not connected to UPM process).
[Package Manager] Cannot connect to Unity Package Manager local server
Mono: successfully reloaded assembly
- Finished resetting the current domain, in  1.213 seconds
Domain Reload Profiling: 1751ms
	BeginReloadAssembly (177ms)
		ExecutionOrderSort (0ms)
		DisableScriptedObjects (12ms)
		BackupInstance (0ms)
		ReleaseScriptingObjects (0ms)
		CreateAndSetChildDomain (45ms)
	RebuildCommonClasses (44ms)
	RebuildNativeTypeToScriptingClass (18ms)
	initialDomainReloadingComplete (26ms)
	LoadAllAssembliesAndSetupDomain (272ms)
		LoadAssemblies (317ms)
		RebuildTransferFunctionScriptingTraits (0ms)
		AnalyzeDomain (49ms)
			TypeCache.Refresh (13ms)
				TypeCache.ScanAssembly (1ms)
			ScanForSourceGeneratedMonoScriptInfo (17ms)
			ResolveRequiredComponents (16ms)
	FinalizeReload (1213ms)
		ReleaseScriptCaches (0ms)
		RebuildScriptCaches (0ms)
		SetupLoadedEditorAssemblies (391ms)
			LogAssemblyErrors (0ms)
			InitializePlatformSupportModulesInManaged (29ms)
			SetLoadedEditorAssemblies (4ms)
			RefreshPlugins (0ms)
			BeforeProcessingInitializeOnLoad (65ms)
			ProcessInitializeOnLoadAttributes (260ms)
			ProcessInitializeOnLoadMethodAttributes (30ms)
			AfterProcessingInitializeOnLoad (2ms)
			EditorAssembliesLoaded (0ms)
		ExecutionOrderSort2 (0ms)
		AwakeInstancesAfterBackupRestoration (14ms)
Refreshing native plugins compatible for Editor in 3.34 ms, found 4 plugins.
Preloading 0 native plugins for Editor in 0.00 ms.
Unloading 4834 Unused Serialized files (Serialized files now loaded: 0)
Unloading 47 unused Assets / (220.8 KB). Loaded Objects now: 5352.
Memory consumption went from 178.4 MB to 178.1 MB.
Total: 3.791800 ms (FindLiveObjects: 0.421200 ms CreateObjectMapping: 0.448900 ms MarkObjects: 2.665900 ms  DeleteObjects: 0.255100 ms)

Prepare: number of updated asset objects reloaded= 0
AssetImportParameters requested are different than current active one (requested -> active):
  custom:container-demuxer-ogg: 62fdf1f143b41e24485cea50d1cbac27 -> 
  custom:video-decoder-ogg-theora: a1e56fd34408186e4bbccfd4996cb3dc -> 
  custom:framework-win-MediaFoundation: 216162199b28c13a410421893ffa2e32 -> 
  custom:CustomObjectIndexerAttribute: 6d391050e5a25f67b0a2c618074f2cd9 -> 
  custom:container-demuxer-webm: 4f35f7cbe854078d1ac9338744f61a02 -> 
  custom:container-muxer-webm: aa71ff27fc2769a1b78a27578f13a17b -> 
  custom:video-decoder-webm-vp8: 9c59270c3fd7afecdb556c50c9e8de78 -> 
  custom:SearchIndexIgnoredProperties: e643bd26f0fe6173181afceb89e7c659 -> 
  custom:AudioImporter_EditorPlatform: d09bf68614088b80899f8185d706f6e7 -> 
  custom:video-encoder-webm-vp8: eb34c28f22e8b96e1ab97ce403110664 -> 
  custom:audio-decoder-ogg-vorbis: bf7c407c2cedff20999df2af8eb42d56 -> 
  custom:audio-encoder-webm-vorbis: bf7c407c2cedff20999df2af8eb42d56 -> 
========================================================================
Received Import Request.
  Time since last request: 572.809818 seconds.
  path: Assets/Sprites/UI Kit Pro - Big Bundle/UI Kit Pro - Kawaii/Prefabs/Progress/Progress 3 Icons Energy Dark.prefab
  artifactKey: Guid(9afd8cb1d1d4344009c772026297b022) Importer(815301076,1909f56bfc062723c751e8b465ee728b)
Start importing Assets/Sprites/UI Kit Pro - Big Bundle/UI Kit Pro - Kawaii/Prefabs/Progress/Progress 3 Icons Energy Dark.prefab using Guid(9afd8cb1d1d4344009c772026297b022) Importer(815301076,1909f56bfc062723c751e8b465ee728b)  -> (artifact id: '06709407f6b59e554168891e9e46fb0f') in 0.039374 seconds
Number of updated asset objects reloaded before import = 0
Number of asset objects unloaded after import = 44
========================================================================
Received Import Request.
  Time since last request: 0.570799 seconds.
  path: Assets/Sprites/UI Kit Pro - Big Bundle/UI Kit Pro - Kawaii/Prefabs/Progress/Progress 3 Icons Energy Light.prefab
  artifactKey: Guid(7ffa85f52de9e46b38568148391cb24f) Importer(815301076,1909f56bfc062723c751e8b465ee728b)
Start importing Assets/Sprites/UI Kit Pro - Big Bundle/UI Kit Pro - Kawaii/Prefabs/Progress/Progress 3 Icons Energy Light.prefab using Guid(7ffa85f52de9e46b38568148391cb24f) Importer(815301076,1909f56bfc062723c751e8b465ee728b)  -> (artifact id: '65d70ea0e91c6f6ae1cb0621b30fce82') in 0.006736 seconds
Number of updated asset objects reloaded before import = 0
Number of asset objects unloaded after import = 44
========================================================================
Received Import Request.
  Time since last request: 2.857844 seconds.
  path: Assets/Sprites/UI Kit Pro - Big Bundle/UI Kit Pro - Kawaii/Prefabs/Progress/Progress 3 Icons Skull Dark.prefab
  artifactKey: Guid(d3c8cdb3ae4fc43ef9b335a71ca302c9) Importer(815301076,1909f56bfc062723c751e8b465ee728b)
Start importing Assets/Sprites/UI Kit Pro - Big Bundle/UI Kit Pro - Kawaii/Prefabs/Progress/Progress 3 Icons Skull Dark.prefab using Guid(d3c8cdb3ae4fc43ef9b335a71ca302c9) Importer(815301076,1909f56bfc062723c751e8b465ee728b)  -> (artifact id: '4449cb3298943e8abb0296cf16658d99') in 0.003874 seconds
Number of updated asset objects reloaded before import = 0
Number of asset objects unloaded after import = 44
========================================================================
Received Import Request.
  Time since last request: 0.566426 seconds.
  path: Assets/Sprites/UI Kit Pro - Big Bundle/UI Kit Pro - Kawaii/Prefabs/Progress/Progress 5 Icons Energy Dark.prefab
  artifactKey: Guid(2a03cd278ea3047ce9865ca13b1cec48) Importer(815301076,1909f56bfc062723c751e8b465ee728b)
Start importing Assets/Sprites/UI Kit Pro - Big Bundle/UI Kit Pro - Kawaii/Prefabs/Progress/Progress 5 Icons Energy Dark.prefab using Guid(2a03cd278ea3047ce9865ca13b1cec48) Importer(815301076,1909f56bfc062723c751e8b465ee728b)  -> (artifact id: 'd8ce7f819465c07f3100f38258976724') in 0.002650 seconds
Number of updated asset objects reloaded before import = 0
Number of asset objects unloaded after import = 64
========================================================================
Received Import Request.
  Time since last request: 0.602213 seconds.
  path: Assets/Sprites/UI Kit Pro - Big Bundle/UI Kit Pro - Kawaii/Prefabs/Progress/Progress 5 Icons Skull Dark.prefab
  artifactKey: Guid(de8d0ebc9f8f24cada39f73a2ba2b9d7) Importer(815301076,1909f56bfc062723c751e8b465ee728b)
Start importing Assets/Sprites/UI Kit Pro - Big Bundle/UI Kit Pro - Kawaii/Prefabs/Progress/Progress 5 Icons Skull Dark.prefab using Guid(de8d0ebc9f8f24cada39f73a2ba2b9d7) Importer(815301076,1909f56bfc062723c751e8b465ee728b)  -> (artifact id: 'eaf706264d416c5c76988ce0e7f13358') in 0.004180 seconds
Number of updated asset objects reloaded before import = 0
Number of asset objects unloaded after import = 64
========================================================================
Received Import Request.
  Time since last request: 1.547090 seconds.
  path: Assets/Sprites/UI Kit Pro - Big Bundle/UI Kit Pro - Kawaii/Prefabs/Progress/Progress 5 Icons Heart Dark.prefab
  artifactKey: Guid(d4b62786dd27e4d68abd70e2d0172577) Importer(815301076,1909f56bfc062723c751e8b465ee728b)
Start importing Assets/Sprites/UI Kit Pro - Big Bundle/UI Kit Pro - Kawaii/Prefabs/Progress/Progress 5 Icons Heart Dark.prefab using Guid(d4b62786dd27e4d68abd70e2d0172577) Importer(815301076,1909f56bfc062723c751e8b465ee728b)  -> (artifact id: 'dcb3b09e7cce5713bbcf40f033d901e2') in 0.004092 seconds
Number of updated asset objects reloaded before import = 0
Number of asset objects unloaded after import = 64
========================================================================
Received Import Request.
  Time since last request: 0.504409 seconds.
  path: Assets/Sprites/UI Kit Pro - Big Bundle/UI Kit Pro - Kawaii/Prefabs/Progress/Progress 5 Icons Energy Light.prefab
  artifactKey: Guid(7162ed75cf75e486ba4fca5ed054794f) Importer(815301076,1909f56bfc062723c751e8b465ee728b)
Start importing Assets/Sprites/UI Kit Pro - Big Bundle/UI Kit Pro - Kawaii/Prefabs/Progress/Progress 5 Icons Energy Light.prefab using Guid(7162ed75cf75e486ba4fca5ed054794f) Importer(815301076,1909f56bfc062723c751e8b465ee728b)  -> (artifact id: '408b3178afd0f21dc0ab7eabbd308223') in 0.004288 seconds
Number of updated asset objects reloaded before import = 0
Number of asset objects unloaded after import = 64
========================================================================
Received Import Request.
  Time since last request: 7.667533 seconds.
  path: Assets/Sprites/UI Kit Pro - Big Bundle/UI Kit Pro - Kawaii/Prefabs/Misc/Card Style.prefab
  artifactKey: Guid(b9b8b15a861644cf9ac8244ac085a2dc) Importer(815301076,1909f56bfc062723c751e8b465ee728b)
Start importing Assets/Sprites/UI Kit Pro - Big Bundle/UI Kit Pro - Kawaii/Prefabs/Misc/Card Style.prefab using Guid(b9b8b15a861644cf9ac8244ac085a2dc) Importer(815301076,1909f56bfc062723c751e8b465ee728b)  -> (artifact id: 'ca83dfa056f5ef0732423e857f5c26fa') in 0.011596 seconds
Number of updated asset objects reloaded before import = 0
Number of asset objects unloaded after import = 64
========================================================================
Received Import Request.
  Time since last request: 0.513434 seconds.
  path: Assets/Sprites/UI Kit Pro - Big Bundle/UI Kit Pro - Kawaii/Prefabs/Misc/Big Icon.prefab
  artifactKey: Guid(5d52dc30ec48a495bb47f84a12d2a796) Importer(815301076,1909f56bfc062723c751e8b465ee728b)
Start importing Assets/Sprites/UI Kit Pro - Big Bundle/UI Kit Pro - Kawaii/Prefabs/Misc/Big Icon.prefab using Guid(5d52dc30ec48a495bb47f84a12d2a796) Importer(815301076,1909f56bfc062723c751e8b465ee728b)  -> (artifact id: '3bdb7ef2d2e03807f9af07278896eb2e') in 0.002764 seconds
Number of updated asset objects reloaded before import = 0
Number of asset objects unloaded after import = 9
========================================================================
Received Import Request.
  Time since last request: 2.363688 seconds.
  path: Assets/Sprites/UI Kit Pro - Big Bundle/UI Kit Pro - Kawaii/Prefabs/Misc/Checkbox.prefab
  artifactKey: Guid(1da30735be72c49a7ac2d3bd28d65fb6) Importer(815301076,1909f56bfc062723c751e8b465ee728b)
Start importing Assets/Sprites/UI Kit Pro - Big Bundle/UI Kit Pro - Kawaii/Prefabs/Misc/Checkbox.prefab using Guid(1da30735be72c49a7ac2d3bd28d65fb6) Importer(815301076,1909f56bfc062723c751e8b465ee728b)  -> (artifact id: '1497339da32ad738fd3e4866c7fd8142') in 0.006178 seconds
Number of updated asset objects reloaded before import = 0
Number of asset objects unloaded after import = 23
========================================================================
Received Import Request.
  Time since last request: 1.212976 seconds.
  path: Assets/Sprites/UI Kit Pro - Big Bundle/UI Kit Pro - Kawaii/Prefabs/Misc/Loading Indicator.prefab
  artifactKey: Guid(7c28490d2eeb14a0ca9024df3903e059) Importer(815301076,1909f56bfc062723c751e8b465ee728b)
Start importing Assets/Sprites/UI Kit Pro - Big Bundle/UI Kit Pro - Kawaii/Prefabs/Misc/Loading Indicator.prefab using Guid(7c28490d2eeb14a0ca9024df3903e059) Importer(815301076,1909f56bfc062723c751e8b465ee728b)  -> (artifact id: '412c4642abc7cf3a36f507ad2943fb33') in 0.003969 seconds
Number of updated asset objects reloaded before import = 0
Number of asset objects unloaded after import = 20
========================================================================
Received Import Request.
  Time since last request: 0.663598 seconds.
  path: Assets/Sprites/UI Kit Pro - Big Bundle/UI Kit Pro - Kawaii/Prefabs/Misc/MeshPrefabs (for Particles).prefab
  artifactKey: Guid(bc33a2dc6f756451d9824dfc002656ea) Importer(815301076,1909f56bfc062723c751e8b465ee728b)
Start importing Assets/Sprites/UI Kit Pro - Big Bundle/UI Kit Pro - Kawaii/Prefabs/Misc/MeshPrefabs (for Particles).prefab using Guid(bc33a2dc6f756451d9824dfc002656ea) Importer(815301076,1909f56bfc062723c751e8b465ee728b)  -> (artifact id: '5a82fd868bb9d9c6f8ce459be6c37437') in 0.197586 seconds
Number of updated asset objects reloaded before import = 0
Number of asset objects unloaded after import = 28
========================================================================
Received Import Request.
  Time since last request: 0.874325 seconds.
  path: Assets/Sprites/UI Kit Pro - Big Bundle/UI Kit Pro - Kawaii/Prefabs/Misc/Popup Skull.prefab
  artifactKey: Guid(bc0827b8812954992b9c99c15be816db) Importer(815301076,1909f56bfc062723c751e8b465ee728b)
Start importing Assets/Sprites/UI Kit Pro - Big Bundle/UI Kit Pro - Kawaii/Prefabs/Misc/Popup Skull.prefab using Guid(bc0827b8812954992b9c99c15be816db) Importer(815301076,1909f56bfc062723c751e8b465ee728b)  -> (artifact id: 'd082be63f804f9058ff27cd6adfeecc1') in 0.028540 seconds
Number of updated asset objects reloaded before import = 0
Number of asset objects unloaded after import = 26
========================================================================
Received Import Request.
  Time since last request: 5.015029 seconds.
  path: Assets/Sprites/UI Kit Pro - Big Bundle/UI Kit Pro - Kawaii/Prefabs/Misc/Popup Stars.prefab
  artifactKey: Guid(24161b827c6a34f3eb3b4596e5a5b7e9) Importer(815301076,1909f56bfc062723c751e8b465ee728b)
Start importing Assets/Sprites/UI Kit Pro - Big Bundle/UI Kit Pro - Kawaii/Prefabs/Misc/Popup Stars.prefab using Guid(24161b827c6a34f3eb3b4596e5a5b7e9) Importer(815301076,1909f56bfc062723c751e8b465ee728b)  -> (artifact id: '7e43d44decc28f4a60a5495fe840b15e') in 0.023813 seconds
Number of updated asset objects reloaded before import = 0
Number of asset objects unloaded after import = 63
========================================================================
Received Import Request.
  Time since last request: 0.592095 seconds.
  path: Assets/Sprites/UI Kit Pro - Big Bundle/UI Kit Pro - Kawaii/Prefabs/Misc/Profile Password.prefab
  artifactKey: Guid(9a3387938c4514ea6b635c8719b2243a) Importer(815301076,1909f56bfc062723c751e8b465ee728b)
Start importing Assets/Sprites/UI Kit Pro - Big Bundle/UI Kit Pro - Kawaii/Prefabs/Misc/Profile Password.prefab using Guid(9a3387938c4514ea6b635c8719b2243a) Importer(815301076,1909f56bfc062723c751e8b465ee728b)  -> (artifact id: '0a524033f8a471a4d124d7f7405c0456') in 0.008455 seconds
Number of updated asset objects reloaded before import = 0
Number of asset objects unloaded after import = 40
========================================================================
Received Import Request.
  Time since last request: 0.572176 seconds.
  path: Assets/Sprites/UI Kit Pro - Big Bundle/UI Kit Pro - Kawaii/Prefabs/Misc/Profile Username.prefab
  artifactKey: Guid(b90316ca95e174241a42463f009d81a3) Importer(815301076,1909f56bfc062723c751e8b465ee728b)
Start importing Assets/Sprites/UI Kit Pro - Big Bundle/UI Kit Pro - Kawaii/Prefabs/Misc/Profile Username.prefab using Guid(b90316ca95e174241a42463f009d81a3) Importer(815301076,1909f56bfc062723c751e8b465ee728b)  -> (artifact id: 'd2c62a766f58dca4878474ee5eeb7a80') in 0.004171 seconds
Number of updated asset objects reloaded before import = 0
Number of asset objects unloaded after import = 40
========================================================================
Received Import Request.
  Time since last request: 0.718363 seconds.
  path: Assets/Sprites/UI Kit Pro - Big Bundle/UI Kit Pro - Kawaii/Prefabs/Misc/Slider Dark.prefab
  artifactKey: Guid(dd462a3acacf5440881c5f2e8da2c7a2) Importer(815301076,1909f56bfc062723c751e8b465ee728b)
Start importing Assets/Sprites/UI Kit Pro - Big Bundle/UI Kit Pro - Kawaii/Prefabs/Misc/Slider Dark.prefab using Guid(dd462a3acacf5440881c5f2e8da2c7a2) Importer(815301076,1909f56bfc062723c751e8b465ee728b)  -> (artifact id: '0a547035ea572a895a168690117e52c3') in 0.007229 seconds
Number of updated asset objects reloaded before import = 0
Number of asset objects unloaded after import = 35
========================================================================
Received Import Request.
  Time since last request: 0.598176 seconds.
  path: Assets/Sprites/UI Kit Pro - Big Bundle/UI Kit Pro - Kawaii/Prefabs/Misc/Tab Style 1.prefab
  artifactKey: Guid(4baef979f8a5a4ff9a0ac5ca5535cafc) Importer(815301076,1909f56bfc062723c751e8b465ee728b)
Start importing Assets/Sprites/UI Kit Pro - Big Bundle/UI Kit Pro - Kawaii/Prefabs/Misc/Tab Style 1.prefab using Guid(4baef979f8a5a4ff9a0ac5ca5535cafc) Importer(815301076,1909f56bfc062723c751e8b465ee728b)  -> (artifact id: 'ae205240305d1c36791120aa61b201ac') in 0.016912 seconds
Number of updated asset objects reloaded before import = 0
Number of asset objects unloaded after import = 103
========================================================================
Received Import Request.
  Time since last request: 0.553053 seconds.
  path: Assets/Sprites/UI Kit Pro - Big Bundle/UI Kit Pro - Kawaii/Prefabs/Misc/Tab Style 2.prefab
  artifactKey: Guid(1aad06698959c4c2fa7a0287362c7eb8) Importer(815301076,1909f56bfc062723c751e8b465ee728b)
Start importing Assets/Sprites/UI Kit Pro - Big Bundle/UI Kit Pro - Kawaii/Prefabs/Misc/Tab Style 2.prefab using Guid(1aad06698959c4c2fa7a0287362c7eb8) Importer(815301076,1909f56bfc062723c751e8b465ee728b)  -> (artifact id: '5dc9c02e5499ff947627982f97518f7b') in 0.010600 seconds
Number of updated asset objects reloaded before import = 0
Number of asset objects unloaded after import = 103
========================================================================
Received Import Request.
  Time since last request: 127.783713 seconds.
  path: Assets/Sprites/UI Kit Pro - Big Bundle/UI Kit Pro - Knight Fight/Prefabs/Progress/Progress Style 1.prefab
  artifactKey: Guid(08a50d68d21d24f40a267cf0ad4dc716) Importer(815301076,1909f56bfc062723c751e8b465ee728b)
Start importing Assets/Sprites/UI Kit Pro - Big Bundle/UI Kit Pro - Knight Fight/Prefabs/Progress/Progress Style 1.prefab using Guid(08a50d68d21d24f40a267cf0ad4dc716) Importer(815301076,1909f56bfc062723c751e8b465ee728b)  -> (artifact id: '50001531e684068d1c9ffd179b18894d') in 0.002196 seconds
Number of updated asset objects reloaded before import = 0
Number of asset objects unloaded after import = 19
========================================================================
Received Import Request.
  Time since last request: 1.145818 seconds.
  path: Assets/Sprites/UI Kit Pro - Big Bundle/UI Kit Pro - Knight Fight/Prefabs/Progress/Progress Style 3.prefab
  artifactKey: Guid(32ea6ef0760c446d6b76847759b21283) Importer(815301076,1909f56bfc062723c751e8b465ee728b)
Start importing Assets/Sprites/UI Kit Pro - Big Bundle/UI Kit Pro - Knight Fight/Prefabs/Progress/Progress Style 3.prefab using Guid(32ea6ef0760c446d6b76847759b21283) Importer(815301076,1909f56bfc062723c751e8b465ee728b)  -> (artifact id: '444672c4be8c15eeb296f181e83ff9e1') in 0.004095 seconds
Number of updated asset objects reloaded before import = 0
Number of asset objects unloaded after import = 19
========================================================================
Received Import Request.
  Time since last request: 2.505142 seconds.
  path: Assets/Sprites/UI Kit Pro - Big Bundle/UI Kit Pro - Knight Fight/Prefabs/Progress/Progress Style 4.prefab
  artifactKey: Guid(b83fabeec06c3464889a59251ca49778) Importer(815301076,1909f56bfc062723c751e8b465ee728b)
Start importing Assets/Sprites/UI Kit Pro - Big Bundle/UI Kit Pro - Knight Fight/Prefabs/Progress/Progress Style 4.prefab using Guid(b83fabeec06c3464889a59251ca49778) Importer(815301076,1909f56bfc062723c751e8b465ee728b)  -> (artifact id: '3bf850c08f80eca7a0ae87d80c7b0ec5') in 0.004845 seconds
Number of updated asset objects reloaded before import = 0
Number of asset objects unloaded after import = 41
========================================================================
Received Import Request.
  Time since last request: 0.458046 seconds.
  path: Assets/Sprites/UI Kit Pro - Big Bundle/UI Kit Pro - Knight Fight/Prefabs/Progress/Progress Style 5.prefab
  artifactKey: Guid(a4c6fc7c7a8134e43bcb5fec94348ffc) Importer(815301076,1909f56bfc062723c751e8b465ee728b)
Start importing Assets/Sprites/UI Kit Pro - Big Bundle/UI Kit Pro - Knight Fight/Prefabs/Progress/Progress Style 5.prefab using Guid(a4c6fc7c7a8134e43bcb5fec94348ffc) Importer(815301076,1909f56bfc062723c751e8b465ee728b)  -> (artifact id: '8c8fe478cf1bd8653b7d34949d907ccd') in 0.003652 seconds
Number of updated asset objects reloaded before import = 0
Number of asset objects unloaded after import = 41
========================================================================
Received Import Request.
  Time since last request: 0.575571 seconds.
  path: Assets/Sprites/UI Kit Pro - Big Bundle/UI Kit Pro - Knight Fight/Prefabs/Progress/Progress Style 6.prefab
  artifactKey: Guid(5a4739b859e4d47a4a1e1090d74ca0a3) Importer(815301076,1909f56bfc062723c751e8b465ee728b)
Start importing Assets/Sprites/UI Kit Pro - Big Bundle/UI Kit Pro - Knight Fight/Prefabs/Progress/Progress Style 6.prefab using Guid(5a4739b859e4d47a4a1e1090d74ca0a3) Importer(815301076,1909f56bfc062723c751e8b465ee728b)  -> (artifact id: 'e5507ee0c1e28a8e2d5ce7cf504a9aaa') in 0.003936 seconds
Number of updated asset objects reloaded before import = 0
Number of asset objects unloaded after import = 41
========================================================================
Received Import Request.
  Time since last request: 16.161113 seconds.
  path: Assets/Sprites/UI Kit Pro - Big Bundle/UI Kit Pro - Kawaii/Prefabs/Progress/Progress Bar Silver.prefab
  artifactKey: Guid(5d9ecc09975854add92e6483738f0f8a) Importer(815301076,1909f56bfc062723c751e8b465ee728b)
Start importing Assets/Sprites/UI Kit Pro - Big Bundle/UI Kit Pro - Kawaii/Prefabs/Progress/Progress Bar Silver.prefab using Guid(5d9ecc09975854add92e6483738f0f8a) Importer(815301076,1909f56bfc062723c751e8b465ee728b)  -> (artifact id: '547fabe9b80beabdca728b421afbce0c') in 0.003535 seconds
Number of updated asset objects reloaded before import = 0
Number of asset objects unloaded after import = 24
========================================================================
Received Import Request.
  Time since last request: 0.435772 seconds.
  path: Assets/Sprites/UI Kit Pro - Big Bundle/UI Kit Pro - Kawaii/Prefabs/Progress/Progress Bar Red.prefab
  artifactKey: Guid(c97b95e618c854e169d67373580402b9) Importer(815301076,1909f56bfc062723c751e8b465ee728b)
Start importing Assets/Sprites/UI Kit Pro - Big Bundle/UI Kit Pro - Kawaii/Prefabs/Progress/Progress Bar Red.prefab using Guid(c97b95e618c854e169d67373580402b9) Importer(815301076,1909f56bfc062723c751e8b465ee728b)  -> (artifact id: 'f757f3efaa843e5412df76b92f871394') in 0.003775 seconds
Number of updated asset objects reloaded before import = 0
Number of asset objects unloaded after import = 24
========================================================================
Received Import Request.
  Time since last request: 1.681463 seconds.
  path: Assets/Sprites/UI Kit Pro - Big Bundle/UI Kit Pro - Kawaii/Prefabs/Progress/Progress Bar Yellow.prefab
  artifactKey: Guid(f95a5ef3b165047c1b67a6123bc7d9a8) Importer(815301076,1909f56bfc062723c751e8b465ee728b)
Start importing Assets/Sprites/UI Kit Pro - Big Bundle/UI Kit Pro - Kawaii/Prefabs/Progress/Progress Bar Yellow.prefab using Guid(f95a5ef3b165047c1b67a6123bc7d9a8) Importer(815301076,1909f56bfc062723c751e8b465ee728b)  -> (artifact id: 'eb25d98d777480866aa678c1ca0485db') in 0.002945 seconds
Number of updated asset objects reloaded before import = 0
Number of asset objects unloaded after import = 24
========================================================================
Received Import Request.
  Time since last request: 2.512714 seconds.
  path: Assets/Sprites/UI Kit Pro - Big Bundle/UI Kit Pro - Kawaii/Prefabs/Progress/Progress Bar Purple.prefab
  artifactKey: Guid(fcf3c5236e22f434aa9c7934c1ae65fe) Importer(815301076,1909f56bfc062723c751e8b465ee728b)
Start importing Assets/Sprites/UI Kit Pro - Big Bundle/UI Kit Pro - Kawaii/Prefabs/Progress/Progress Bar Purple.prefab using Guid(fcf3c5236e22f434aa9c7934c1ae65fe) Importer(815301076,1909f56bfc062723c751e8b465ee728b)  -> (artifact id: 'd1657dc40b7b387fad7d654fcf988386') in 0.004261 seconds
Number of updated asset objects reloaded before import = 0
Number of asset objects unloaded after import = 24
========================================================================
Received Import Request.
  Time since last request: 0.761362 seconds.
  path: Assets/Sprites/UI Kit Pro - Big Bundle/UI Kit Pro - Kawaii/Prefabs/Progress/Progress Bar Pink.prefab
  artifactKey: Guid(4e6902039f88145b3ab4bdbaf0fb7d54) Importer(815301076,1909f56bfc062723c751e8b465ee728b)
Start importing Assets/Sprites/UI Kit Pro - Big Bundle/UI Kit Pro - Kawaii/Prefabs/Progress/Progress Bar Pink.prefab using Guid(4e6902039f88145b3ab4bdbaf0fb7d54) Importer(815301076,1909f56bfc062723c751e8b465ee728b)  -> (artifact id: '2210d5200d04283a5fe1a38f7eeca792') in 0.003999 seconds
Number of updated asset objects reloaded before import = 0
Number of asset objects unloaded after import = 24
========================================================================
Received Import Request.
  Time since last request: 0.658990 seconds.
  path: Assets/Sprites/UI Kit Pro - Big Bundle/UI Kit Pro - Kawaii/Prefabs/Progress/Progress Bar Orange.prefab
  artifactKey: Guid(ddb231edca6d743b9861ab28bb46cdf7) Importer(815301076,1909f56bfc062723c751e8b465ee728b)
Start importing Assets/Sprites/UI Kit Pro - Big Bundle/UI Kit Pro - Kawaii/Prefabs/Progress/Progress Bar Orange.prefab using Guid(ddb231edca6d743b9861ab28bb46cdf7) Importer(815301076,1909f56bfc062723c751e8b465ee728b)  -> (artifact id: '551d835ef8e2a894faacb6663ff23fc5') in 0.003804 seconds
Number of updated asset objects reloaded before import = 0
Number of asset objects unloaded after import = 24
========================================================================
Received Import Request.
  Time since last request: 2.490619 seconds.
  path: Assets/Sprites/UI Kit Pro - Big Bundle/UI Kit Pro - Kawaii/Prefabs/Progress/Progress Bar DarkBlue.prefab
  artifactKey: Guid(5f7d28f3f65014dff8ef718fc72dadb6) Importer(815301076,1909f56bfc062723c751e8b465ee728b)
Start importing Assets/Sprites/UI Kit Pro - Big Bundle/UI Kit Pro - Kawaii/Prefabs/Progress/Progress Bar DarkBlue.prefab using Guid(5f7d28f3f65014dff8ef718fc72dadb6) Importer(815301076,1909f56bfc062723c751e8b465ee728b)  -> (artifact id: '86d9cf777016f0f1513fce98013540fe') in 0.004008 seconds
Number of updated asset objects reloaded before import = 0
Number of asset objects unloaded after import = 24
========================================================================
Received Import Request.
  Time since last request: 0.637046 seconds.
  path: Assets/Sprites/UI Kit Pro - Big Bundle/UI Kit Pro - Kawaii/Prefabs/Progress/Progress Bar DarkGreen.prefab
  artifactKey: Guid(61100580d26e8473e8c19e95b07944ae) Importer(815301076,1909f56bfc062723c751e8b465ee728b)
Start importing Assets/Sprites/UI Kit Pro - Big Bundle/UI Kit Pro - Kawaii/Prefabs/Progress/Progress Bar DarkGreen.prefab using Guid(61100580d26e8473e8c19e95b07944ae) Importer(815301076,1909f56bfc062723c751e8b465ee728b)  -> (artifact id: 'd9b363ef382c8a74dbae7a400bbf3b83') in 0.003883 seconds
Number of updated asset objects reloaded before import = 0
Number of asset objects unloaded after import = 24
========================================================================
Received Import Request.
  Time since last request: 1.020702 seconds.
  path: Assets/Sprites/UI Kit Pro - Big Bundle/UI Kit Pro - Kawaii/Prefabs/Progress/Progress Bar LightBlue.prefab
  artifactKey: Guid(868d6cd75d384416caf40f036aca4e6f) Importer(815301076,1909f56bfc062723c751e8b465ee728b)
Start importing Assets/Sprites/UI Kit Pro - Big Bundle/UI Kit Pro - Kawaii/Prefabs/Progress/Progress Bar LightBlue.prefab using Guid(868d6cd75d384416caf40f036aca4e6f) Importer(815301076,1909f56bfc062723c751e8b465ee728b)  -> (artifact id: '3d097a90d6921e126b1bfaeecf28f42c') in 0.004019 seconds
Number of updated asset objects reloaded before import = 0
Number of asset objects unloaded after import = 24
========================================================================
Received Prepare
Begin MonoManager ReloadAssembly
- Loaded All Assemblies, in  0.479 seconds
Refreshing native plugins compatible for Editor in 4.13 ms, found 4 plugins.
Native extension for WindowsStandalone target not found
Native extension for iOS target not found
Native extension for Android target not found
[Package Manager] Server::EnsureServerProcessIsRunning -- launch failed, reason: Unity was launched with the -noUpm command-line argument
[Package Manager] UpmClient::Send -- Unable to send message (not connected to UPM process).
[Package Manager] Cannot connect to Unity Package Manager local server
Mono: successfully reloaded assembly
- Finished resetting the current domain, in  1.337 seconds
Domain Reload Profiling: 1815ms
	BeginReloadAssembly (160ms)
		ExecutionOrderSort (0ms)
		DisableScriptedObjects (12ms)
		BackupInstance (0ms)
		ReleaseScriptingObjects (0ms)
		CreateAndSetChildDomain (39ms)
	RebuildCommonClasses (31ms)
	RebuildNativeTypeToScriptingClass (12ms)
	initialDomainReloadingComplete (25ms)
	LoadAllAssembliesAndSetupDomain (249ms)
		LoadAssemblies (311ms)
		RebuildTransferFunctionScriptingTraits (0ms)
		AnalyzeDomain (20ms)
			TypeCache.Refresh (8ms)
				TypeCache.ScanAssembly (0ms)
			ScanForSourceGeneratedMonoScriptInfo (0ms)
			ResolveRequiredComponents (12ms)
	FinalizeReload (1337ms)
		ReleaseScriptCaches (0ms)
		RebuildScriptCaches (0ms)
		SetupLoadedEditorAssemblies (446ms)
			LogAssemblyErrors (0ms)
			InitializePlatformSupportModulesInManaged (35ms)
			SetLoadedEditorAssemblies (6ms)
			RefreshPlugins (0ms)
			BeforeProcessingInitializeOnLoad (87ms)
			ProcessInitializeOnLoadAttributes (286ms)
			ProcessInitializeOnLoadMethodAttributes (30ms)
			AfterProcessingInitializeOnLoad (2ms)
			EditorAssembliesLoaded (0ms)
		ExecutionOrderSort2 (0ms)
		AwakeInstancesAfterBackupRestoration (10ms)
Refreshing native plugins compatible for Editor in 3.68 ms, found 4 plugins.
Preloading 0 native plugins for Editor in 0.00 ms.
Unloading 4833 Unused Serialized files (Serialized files now loaded: 0)
Unloading 46 unused Assets / (218.9 KB). Loaded Objects now: 5365.
Memory consumption went from 180.5 MB to 180.2 MB.
Total: 5.502500 ms (FindLiveObjects: 0.471500 ms CreateObjectMapping: 0.580800 ms MarkObjects: 3.976300 ms  DeleteObjects: 0.472900 ms)

Prepare: number of updated asset objects reloaded= 0
AssetImportParameters requested are different than current active one (requested -> active):
  custom:container-demuxer-ogg: 62fdf1f143b41e24485cea50d1cbac27 -> 
  custom:video-decoder-ogg-theora: a1e56fd34408186e4bbccfd4996cb3dc -> 
  custom:framework-win-MediaFoundation: 216162199b28c13a410421893ffa2e32 -> 
  custom:CustomObjectIndexerAttribute: 6d391050e5a25f67b0a2c618074f2cd9 -> 
  custom:container-demuxer-webm: 4f35f7cbe854078d1ac9338744f61a02 -> 
  custom:container-muxer-webm: aa71ff27fc2769a1b78a27578f13a17b -> 
  custom:video-decoder-webm-vp8: 9c59270c3fd7afecdb556c50c9e8de78 -> 
  custom:SearchIndexIgnoredProperties: e643bd26f0fe6173181afceb89e7c659 -> 
  custom:AudioImporter_EditorPlatform: d09bf68614088b80899f8185d706f6e7 -> 
  custom:video-encoder-webm-vp8: eb34c28f22e8b96e1ab97ce403110664 -> 
  custom:audio-decoder-ogg-vorbis: bf7c407c2cedff20999df2af8eb42d56 -> 
  custom:audio-encoder-webm-vorbis: bf7c407c2cedff20999df2af8eb42d56 -> 
========================================================================
Received Prepare
Begin MonoManager ReloadAssembly
- Loaded All Assemblies, in  0.479 seconds
Refreshing native plugins compatible for Editor in 4.47 ms, found 4 plugins.
Native extension for WindowsStandalone target not found
Native extension for iOS target not found
Native extension for Android target not found
[Package Manager] Server::EnsureServerProcessIsRunning -- launch failed, reason: Unity was launched with the -noUpm command-line argument
[Package Manager] UpmClient::Send -- Unable to send message (not connected to UPM process).
[Package Manager] Cannot connect to Unity Package Manager local server
Mono: successfully reloaded assembly
- Finished resetting the current domain, in  1.131 seconds
Domain Reload Profiling: 1610ms
	BeginReloadAssembly (169ms)
		ExecutionOrderSort (0ms)
		DisableScriptedObjects (11ms)
		BackupInstance (0ms)
		ReleaseScriptingObjects (0ms)
		CreateAndSetChildDomain (36ms)
	RebuildCommonClasses (48ms)
	RebuildNativeTypeToScriptingClass (11ms)
	initialDomainReloadingComplete (35ms)
	LoadAllAssembliesAndSetupDomain (215ms)
		LoadAssemblies (290ms)
		RebuildTransferFunctionScriptingTraits (0ms)
		AnalyzeDomain (21ms)
			TypeCache.Refresh (7ms)
				TypeCache.ScanAssembly (0ms)
			ScanForSourceGeneratedMonoScriptInfo (0ms)
			ResolveRequiredComponents (12ms)
	FinalizeReload (1132ms)
		ReleaseScriptCaches (0ms)
		RebuildScriptCaches (0ms)
		SetupLoadedEditorAssemblies (587ms)
			LogAssemblyErrors (0ms)
			InitializePlatformSupportModulesInManaged (43ms)
			SetLoadedEditorAssemblies (6ms)
			RefreshPlugins (0ms)
			BeforeProcessingInitializeOnLoad (101ms)
			ProcessInitializeOnLoadAttributes (382ms)
			ProcessInitializeOnLoadMethodAttributes (51ms)
			AfterProcessingInitializeOnLoad (2ms)
			EditorAssembliesLoaded (1ms)
		ExecutionOrderSort2 (0ms)
		AwakeInstancesAfterBackupRestoration (17ms)
Refreshing native plugins compatible for Editor in 4.68 ms, found 4 plugins.
Preloading 0 native plugins for Editor in 0.00 ms.
Unloading 4833 Unused Serialized files (Serialized files now loaded: 0)
Unloading 46 unused Assets / (219.0 KB). Loaded Objects now: 5369.
Memory consumption went from 182.5 MB to 182.2 MB.
Total: 6.150600 ms (FindLiveObjects: 0.553200 ms CreateObjectMapping: 0.547800 ms MarkObjects: 4.831100 ms  DeleteObjects: 0.217500 ms)

Prepare: number of updated asset objects reloaded= 0
AssetImportParameters requested are different than current active one (requested -> active):
  custom:container-demuxer-ogg: 62fdf1f143b41e24485cea50d1cbac27 -> 
  custom:video-decoder-ogg-theora: a1e56fd34408186e4bbccfd4996cb3dc -> 
  custom:framework-win-MediaFoundation: 216162199b28c13a410421893ffa2e32 -> 
  custom:CustomObjectIndexerAttribute: 6d391050e5a25f67b0a2c618074f2cd9 -> 
  custom:container-demuxer-webm: 4f35f7cbe854078d1ac9338744f61a02 -> 
  custom:container-muxer-webm: aa71ff27fc2769a1b78a27578f13a17b -> 
  custom:video-decoder-webm-vp8: 9c59270c3fd7afecdb556c50c9e8de78 -> 
  custom:SearchIndexIgnoredProperties: e643bd26f0fe6173181afceb89e7c659 -> 
  custom:AudioImporter_EditorPlatform: d09bf68614088b80899f8185d706f6e7 -> 
  custom:video-encoder-webm-vp8: eb34c28f22e8b96e1ab97ce403110664 -> 
  custom:audio-decoder-ogg-vorbis: bf7c407c2cedff20999df2af8eb42d56 -> 
  custom:audio-encoder-webm-vorbis: bf7c407c2cedff20999df2af8eb42d56 -> 
========================================================================
Received Prepare
Begin MonoManager ReloadAssembly
- Loaded All Assemblies, in  0.454 seconds
Refreshing native plugins compatible for Editor in 2.98 ms, found 4 plugins.
Native extension for WindowsStandalone target not found
Native extension for iOS target not found
Native extension for Android target not found
[Package Manager] Server::EnsureServerProcessIsRunning -- launch failed, reason: Unity was launched with the -noUpm command-line argument
[Package Manager] UpmClient::Send -- Unable to send message (not connected to UPM process).
[Package Manager] Cannot connect to Unity Package Manager local server
Mono: successfully reloaded assembly
- Finished resetting the current domain, in  1.031 seconds
Domain Reload Profiling: 1485ms
	BeginReloadAssembly (169ms)
		ExecutionOrderSort (0ms)
		DisableScriptedObjects (14ms)
		BackupInstance (0ms)
		ReleaseScriptingObjects (0ms)
		CreateAndSetChildDomain (44ms)
	RebuildCommonClasses (35ms)
	RebuildNativeTypeToScriptingClass (11ms)
	initialDomainReloadingComplete (25ms)
	LoadAllAssembliesAndSetupDomain (213ms)
		LoadAssemblies (275ms)
		RebuildTransferFunctionScriptingTraits (0ms)
		AnalyzeDomain (18ms)
			TypeCache.Refresh (6ms)
				TypeCache.ScanAssembly (0ms)
			ScanForSourceGeneratedMonoScriptInfo (0ms)
			ResolveRequiredComponents (11ms)
	FinalizeReload (1032ms)
		ReleaseScriptCaches (0ms)
		RebuildScriptCaches (0ms)
		SetupLoadedEditorAssemblies (522ms)
			LogAssemblyErrors (0ms)
			InitializePlatformSupportModulesInManaged (31ms)
			SetLoadedEditorAssemblies (5ms)
			RefreshPlugins (0ms)
			BeforeProcessingInitializeOnLoad (68ms)
			ProcessInitializeOnLoadAttributes (363ms)
			ProcessInitializeOnLoadMethodAttributes (51ms)
			AfterProcessingInitializeOnLoad (4ms)
			EditorAssembliesLoaded (1ms)
		ExecutionOrderSort2 (0ms)
		AwakeInstancesAfterBackupRestoration (17ms)
Refreshing native plugins compatible for Editor in 3.12 ms, found 4 plugins.
Preloading 0 native plugins for Editor in 0.00 ms.
Unloading 4833 Unused Serialized files (Serialized files now loaded: 0)
Unloading 46 unused Assets / (219.2 KB). Loaded Objects now: 5373.
Memory consumption went from 184.4 MB to 184.2 MB.
Total: 5.117000 ms (FindLiveObjects: 0.492900 ms CreateObjectMapping: 0.535600 ms MarkObjects: 3.819100 ms  DeleteObjects: 0.268200 ms)

Prepare: number of updated asset objects reloaded= 0
AssetImportParameters requested are different than current active one (requested -> active):
  custom:container-demuxer-ogg: 62fdf1f143b41e24485cea50d1cbac27 -> 
  custom:video-decoder-ogg-theora: a1e56fd34408186e4bbccfd4996cb3dc -> 
  custom:framework-win-MediaFoundation: 216162199b28c13a410421893ffa2e32 -> 
  custom:CustomObjectIndexerAttribute: 6d391050e5a25f67b0a2c618074f2cd9 -> 
  custom:container-demuxer-webm: 4f35f7cbe854078d1ac9338744f61a02 -> 
  custom:container-muxer-webm: aa71ff27fc2769a1b78a27578f13a17b -> 
  custom:video-decoder-webm-vp8: 9c59270c3fd7afecdb556c50c9e8de78 -> 
  custom:SearchIndexIgnoredProperties: e643bd26f0fe6173181afceb89e7c659 -> 
  custom:AudioImporter_EditorPlatform: d09bf68614088b80899f8185d706f6e7 -> 
  custom:video-encoder-webm-vp8: eb34c28f22e8b96e1ab97ce403110664 -> 
  custom:audio-decoder-ogg-vorbis: bf7c407c2cedff20999df2af8eb42d56 -> 
  custom:audio-encoder-webm-vorbis: bf7c407c2cedff20999df2af8eb42d56 -> 
========================================================================
Received Prepare
Begin MonoManager ReloadAssembly
- Loaded All Assemblies, in  0.664 seconds
Refreshing native plugins compatible for Editor in 4.72 ms, found 4 plugins.
Native extension for WindowsStandalone target not found
Native extension for iOS target not found
Native extension for Android target not found
[Package Manager] Server::EnsureServerProcessIsRunning -- launch failed, reason: Unity was launched with the -noUpm command-line argument
[Package Manager] UpmClient::Send -- Unable to send message (not connected to UPM process).
[Package Manager] Cannot connect to Unity Package Manager local server
Mono: successfully reloaded assembly
- Finished resetting the current domain, in  0.857 seconds
Domain Reload Profiling: 1520ms
	BeginReloadAssembly (157ms)
		ExecutionOrderSort (0ms)
		DisableScriptedObjects (11ms)
		BackupInstance (0ms)
		ReleaseScriptingObjects (0ms)
		CreateAndSetChildDomain (42ms)
	RebuildCommonClasses (38ms)
	RebuildNativeTypeToScriptingClass (14ms)
	initialDomainReloadingComplete (29ms)
	LoadAllAssembliesAndSetupDomain (425ms)
		LoadAssemblies (420ms)
		RebuildTransferFunctionScriptingTraits (0ms)
		AnalyzeDomain (79ms)
			TypeCache.Refresh (29ms)
				TypeCache.ScanAssembly (1ms)
			ScanForSourceGeneratedMonoScriptInfo (28ms)
			ResolveRequiredComponents (20ms)
	FinalizeReload (858ms)
		ReleaseScriptCaches (0ms)
		RebuildScriptCaches (0ms)
		SetupLoadedEditorAssemblies (384ms)
			LogAssemblyErrors (0ms)
			InitializePlatformSupportModulesInManaged (26ms)
			SetLoadedEditorAssemblies (3ms)
			RefreshPlugins (0ms)
			BeforeProcessingInitializeOnLoad (70ms)
			ProcessInitializeOnLoadAttributes (248ms)
			ProcessInitializeOnLoadMethodAttributes (35ms)
			AfterProcessingInitializeOnLoad (2ms)
			EditorAssembliesLoaded (0ms)
		ExecutionOrderSort2 (0ms)
		AwakeInstancesAfterBackupRestoration (10ms)
Refreshing native plugins compatible for Editor in 3.32 ms, found 4 plugins.
Preloading 0 native plugins for Editor in 0.00 ms.
Unloading 4833 Unused Serialized files (Serialized files now loaded: 0)
Unloading 46 unused Assets / (219.0 KB). Loaded Objects now: 5377.
Memory consumption went from 186.3 MB to 186.1 MB.
Total: 3.599400 ms (FindLiveObjects: 0.371800 ms CreateObjectMapping: 0.369800 ms MarkObjects: 2.669800 ms  DeleteObjects: 0.187100 ms)

Prepare: number of updated asset objects reloaded= 0
AssetImportParameters requested are different than current active one (requested -> active):
  custom:container-demuxer-ogg: 62fdf1f143b41e24485cea50d1cbac27 -> 
  custom:video-decoder-ogg-theora: a1e56fd34408186e4bbccfd4996cb3dc -> 
  custom:framework-win-MediaFoundation: 216162199b28c13a410421893ffa2e32 -> 
  custom:CustomObjectIndexerAttribute: 6d391050e5a25f67b0a2c618074f2cd9 -> 
  custom:container-demuxer-webm: 4f35f7cbe854078d1ac9338744f61a02 -> 
  custom:container-muxer-webm: aa71ff27fc2769a1b78a27578f13a17b -> 
  custom:video-decoder-webm-vp8: 9c59270c3fd7afecdb556c50c9e8de78 -> 
  custom:SearchIndexIgnoredProperties: e643bd26f0fe6173181afceb89e7c659 -> 
  custom:AudioImporter_EditorPlatform: d09bf68614088b80899f8185d706f6e7 -> 
  custom:video-encoder-webm-vp8: eb34c28f22e8b96e1ab97ce403110664 -> 
  custom:audio-decoder-ogg-vorbis: bf7c407c2cedff20999df2af8eb42d56 -> 
  custom:audio-encoder-webm-vorbis: bf7c407c2cedff20999df2af8eb42d56 -> 
========================================================================
Received Prepare
Begin MonoManager ReloadAssembly
- Loaded All Assemblies, in  0.454 seconds
Refreshing native plugins compatible for Editor in 2.98 ms, found 4 plugins.
Native extension for WindowsStandalone target not found
Native extension for iOS target not found
Native extension for Android target not found
[Package Manager] Server::EnsureServerProcessIsRunning -- launch failed, reason: Unity was launched with the -noUpm command-line argument
[Package Manager] UpmClient::Send -- Unable to send message (not connected to UPM process).
[Package Manager] Cannot connect to Unity Package Manager local server
Mono: successfully reloaded assembly
- Finished resetting the current domain, in  1.053 seconds
Domain Reload Profiling: 1507ms
	BeginReloadAssembly (163ms)
		ExecutionOrderSort (0ms)
		DisableScriptedObjects (11ms)
		BackupInstance (0ms)
		ReleaseScriptingObjects (0ms)
		CreateAndSetChildDomain (42ms)
	RebuildCommonClasses (30ms)
	RebuildNativeTypeToScriptingClass (11ms)
	initialDomainReloadingComplete (25ms)
	LoadAllAssembliesAndSetupDomain (225ms)
		LoadAssemblies (283ms)
		RebuildTransferFunctionScriptingTraits (0ms)
		AnalyzeDomain (24ms)
			TypeCache.Refresh (10ms)
				TypeCache.ScanAssembly (0ms)
			ScanForSourceGeneratedMonoScriptInfo (0ms)
			ResolveRequiredComponents (12ms)
	FinalizeReload (1054ms)
		ReleaseScriptCaches (0ms)
		RebuildScriptCaches (0ms)
		SetupLoadedEditorAssemblies (550ms)
			LogAssemblyErrors (0ms)
			InitializePlatformSupportModulesInManaged (35ms)
			SetLoadedEditorAssemblies (3ms)
			RefreshPlugins (0ms)
			BeforeProcessingInitializeOnLoad (82ms)
			ProcessInitializeOnLoadAttributes (379ms)
			ProcessInitializeOnLoadMethodAttributes (48ms)
			AfterProcessingInitializeOnLoad (2ms)
			EditorAssembliesLoaded (0ms)
		ExecutionOrderSort2 (0ms)
		AwakeInstancesAfterBackupRestoration (15ms)
Refreshing native plugins compatible for Editor in 6.41 ms, found 4 plugins.
Preloading 0 native plugins for Editor in 0.00 ms.
Unloading 4833 Unused Serialized files (Serialized files now loaded: 0)
Unloading 46 unused Assets / (219.1 KB). Loaded Objects now: 5381.
Memory consumption went from 188.2 MB to 188.0 MB.
Total: 6.556200 ms (FindLiveObjects: 1.206600 ms CreateObjectMapping: 1.198900 ms MarkObjects: 3.900800 ms  DeleteObjects: 0.249000 ms)

Prepare: number of updated asset objects reloaded= 0
AssetImportParameters requested are different than current active one (requested -> active):
  custom:container-demuxer-ogg: 62fdf1f143b41e24485cea50d1cbac27 -> 
  custom:video-decoder-ogg-theora: a1e56fd34408186e4bbccfd4996cb3dc -> 
  custom:framework-win-MediaFoundation: 216162199b28c13a410421893ffa2e32 -> 
  custom:CustomObjectIndexerAttribute: 6d391050e5a25f67b0a2c618074f2cd9 -> 
  custom:container-demuxer-webm: 4f35f7cbe854078d1ac9338744f61a02 -> 
  custom:container-muxer-webm: aa71ff27fc2769a1b78a27578f13a17b -> 
  custom:video-decoder-webm-vp8: 9c59270c3fd7afecdb556c50c9e8de78 -> 
  custom:SearchIndexIgnoredProperties: e643bd26f0fe6173181afceb89e7c659 -> 
  custom:AudioImporter_EditorPlatform: d09bf68614088b80899f8185d706f6e7 -> 
  custom:video-encoder-webm-vp8: eb34c28f22e8b96e1ab97ce403110664 -> 
  custom:audio-decoder-ogg-vorbis: bf7c407c2cedff20999df2af8eb42d56 -> 
  custom:audio-encoder-webm-vorbis: bf7c407c2cedff20999df2af8eb42d56 -> 
========================================================================
Received Prepare
Begin MonoManager ReloadAssembly
- Loaded All Assemblies, in  0.513 seconds
Refreshing native plugins compatible for Editor in 3.07 ms, found 4 plugins.
Native extension for WindowsStandalone target not found
Native extension for iOS target not found
Native extension for Android target not found
[Package Manager] Server::EnsureServerProcessIsRunning -- launch failed, reason: Unity was launched with the -noUpm command-line argument
[Package Manager] UpmClient::Send -- Unable to send message (not connected to UPM process).
[Package Manager] Cannot connect to Unity Package Manager local server
Mono: successfully reloaded assembly
- Finished resetting the current domain, in  1.175 seconds
Domain Reload Profiling: 1688ms
	BeginReloadAssembly (161ms)
		ExecutionOrderSort (0ms)
		DisableScriptedObjects (11ms)
		BackupInstance (0ms)
		ReleaseScriptingObjects (0ms)
		CreateAndSetChildDomain (36ms)
	RebuildCommonClasses (37ms)
	RebuildNativeTypeToScriptingClass (14ms)
	initialDomainReloadingComplete (26ms)
	LoadAllAssembliesAndSetupDomain (275ms)
		LoadAssemblies (311ms)
		RebuildTransferFunctionScriptingTraits (0ms)
		AnalyzeDomain (50ms)
			TypeCache.Refresh (11ms)
				TypeCache.ScanAssembly (1ms)
			ScanForSourceGeneratedMonoScriptInfo (21ms)
			ResolveRequiredComponents (16ms)
	FinalizeReload (1176ms)
		ReleaseScriptCaches (0ms)
		RebuildScriptCaches (0ms)
		SetupLoadedEditorAssemblies (383ms)
			LogAssemblyErrors (0ms)
			InitializePlatformSupportModulesInManaged (27ms)
			SetLoadedEditorAssemblies (3ms)
			RefreshPlugins (0ms)
			BeforeProcessingInitializeOnLoad (64ms)
			ProcessInitializeOnLoadAttributes (257ms)
			ProcessInitializeOnLoadMethodAttributes (30ms)
			AfterProcessingInitializeOnLoad (2ms)
			EditorAssembliesLoaded (0ms)
		ExecutionOrderSort2 (0ms)
		AwakeInstancesAfterBackupRestoration (10ms)
Refreshing native plugins compatible for Editor in 3.72 ms, found 4 plugins.
Preloading 0 native plugins for Editor in 0.00 ms.
Unloading 4833 Unused Serialized files (Serialized files now loaded: 0)
Unloading 46 unused Assets / (219.1 KB). Loaded Objects now: 5385.
Memory consumption went from 190.1 MB to 189.9 MB.
Total: 4.050000 ms (FindLiveObjects: 0.361200 ms CreateObjectMapping: 0.483700 ms MarkObjects: 3.027700 ms  DeleteObjects: 0.176400 ms)

Prepare: number of updated asset objects reloaded= 0
AssetImportParameters requested are different than current active one (requested -> active):
  custom:container-demuxer-ogg: 62fdf1f143b41e24485cea50d1cbac27 -> 
  custom:video-decoder-ogg-theora: a1e56fd34408186e4bbccfd4996cb3dc -> 
  custom:framework-win-MediaFoundation: 216162199b28c13a410421893ffa2e32 -> 
  custom:CustomObjectIndexerAttribute: 6d391050e5a25f67b0a2c618074f2cd9 -> 
  custom:container-demuxer-webm: 4f35f7cbe854078d1ac9338744f61a02 -> 
  custom:container-muxer-webm: aa71ff27fc2769a1b78a27578f13a17b -> 
  custom:video-decoder-webm-vp8: 9c59270c3fd7afecdb556c50c9e8de78 -> 
  custom:SearchIndexIgnoredProperties: e643bd26f0fe6173181afceb89e7c659 -> 
  custom:AudioImporter_EditorPlatform: d09bf68614088b80899f8185d706f6e7 -> 
  custom:video-encoder-webm-vp8: eb34c28f22e8b96e1ab97ce403110664 -> 
  custom:audio-decoder-ogg-vorbis: bf7c407c2cedff20999df2af8eb42d56 -> 
  custom:audio-encoder-webm-vorbis: bf7c407c2cedff20999df2af8eb42d56 -> 
========================================================================
Received Prepare
Begin MonoManager ReloadAssembly
- Loaded All Assemblies, in  0.453 seconds
Refreshing native plugins compatible for Editor in 3.01 ms, found 4 plugins.
Native extension for WindowsStandalone target not found
Native extension for iOS target not found
Native extension for Android target not found
[Package Manager] Server::EnsureServerProcessIsRunning -- launch failed, reason: Unity was launched with the -noUpm command-line argument
[Package Manager] UpmClient::Send -- Unable to send message (not connected to UPM process).
[Package Manager] Cannot connect to Unity Package Manager local server
Mono: successfully reloaded assembly
- Finished resetting the current domain, in  1.053 seconds
Domain Reload Profiling: 1506ms
	BeginReloadAssembly (162ms)
		ExecutionOrderSort (0ms)
		DisableScriptedObjects (10ms)
		BackupInstance (0ms)
		ReleaseScriptingObjects (0ms)
		CreateAndSetChildDomain (40ms)
	RebuildCommonClasses (32ms)
	RebuildNativeTypeToScriptingClass (13ms)
	initialDomainReloadingComplete (30ms)
	LoadAllAssembliesAndSetupDomain (215ms)
		LoadAssemblies (278ms)
		RebuildTransferFunctionScriptingTraits (0ms)
		AnalyzeDomain (20ms)
			TypeCache.Refresh (7ms)
				TypeCache.ScanAssembly (0ms)
			ScanForSourceGeneratedMonoScriptInfo (0ms)
			ResolveRequiredComponents (12ms)
	FinalizeReload (1054ms)
		ReleaseScriptCaches (0ms)
		RebuildScriptCaches (0ms)
		SetupLoadedEditorAssemblies (541ms)
			LogAssemblyErrors (0ms)
			InitializePlatformSupportModulesInManaged (29ms)
			SetLoadedEditorAssemblies (4ms)
			RefreshPlugins (0ms)
			BeforeProcessingInitializeOnLoad (83ms)
			ProcessInitializeOnLoadAttributes (367ms)
			ProcessInitializeOnLoadMethodAttributes (53ms)
			AfterProcessingInitializeOnLoad (3ms)
			EditorAssembliesLoaded (0ms)
		ExecutionOrderSort2 (0ms)
		AwakeInstancesAfterBackupRestoration (17ms)
Refreshing native plugins compatible for Editor in 3.88 ms, found 4 plugins.
Preloading 0 native plugins for Editor in 0.00 ms.
Unloading 4833 Unused Serialized files (Serialized files now loaded: 0)
Unloading 46 unused Assets / (219.0 KB). Loaded Objects now: 5389.
Memory consumption went from 192.1 MB to 191.9 MB.
Total: 6.054700 ms (FindLiveObjects: 0.907400 ms CreateObjectMapping: 0.443700 ms MarkObjects: 4.470100 ms  DeleteObjects: 0.232100 ms)

Prepare: number of updated asset objects reloaded= 0
AssetImportParameters requested are different than current active one (requested -> active):
  custom:container-demuxer-ogg: 62fdf1f143b41e24485cea50d1cbac27 -> 
  custom:video-decoder-ogg-theora: a1e56fd34408186e4bbccfd4996cb3dc -> 
  custom:framework-win-MediaFoundation: 216162199b28c13a410421893ffa2e32 -> 
  custom:CustomObjectIndexerAttribute: 6d391050e5a25f67b0a2c618074f2cd9 -> 
  custom:container-demuxer-webm: 4f35f7cbe854078d1ac9338744f61a02 -> 
  custom:container-muxer-webm: aa71ff27fc2769a1b78a27578f13a17b -> 
  custom:video-decoder-webm-vp8: 9c59270c3fd7afecdb556c50c9e8de78 -> 
  custom:SearchIndexIgnoredProperties: e643bd26f0fe6173181afceb89e7c659 -> 
  custom:AudioImporter_EditorPlatform: d09bf68614088b80899f8185d706f6e7 -> 
  custom:video-encoder-webm-vp8: eb34c28f22e8b96e1ab97ce403110664 -> 
  custom:audio-decoder-ogg-vorbis: bf7c407c2cedff20999df2af8eb42d56 -> 
  custom:audio-encoder-webm-vorbis: bf7c407c2cedff20999df2af8eb42d56 -> 
========================================================================
Received Prepare
Begin MonoManager ReloadAssembly
- Loaded All Assemblies, in  0.459 seconds
Refreshing native plugins compatible for Editor in 4.64 ms, found 4 plugins.
Native extension for WindowsStandalone target not found
Native extension for iOS target not found
Native extension for Android target not found
[Package Manager] Server::EnsureServerProcessIsRunning -- launch failed, reason: Unity was launched with the -noUpm command-line argument
[Package Manager] UpmClient::Send -- Unable to send message (not connected to UPM process).
[Package Manager] Cannot connect to Unity Package Manager local server
Mono: successfully reloaded assembly
- Finished resetting the current domain, in  1.086 seconds
Domain Reload Profiling: 1545ms
	BeginReloadAssembly (160ms)
		ExecutionOrderSort (0ms)
		DisableScriptedObjects (13ms)
		BackupInstance (0ms)
		ReleaseScriptingObjects (0ms)
		CreateAndSetChildDomain (35ms)
	RebuildCommonClasses (35ms)
	RebuildNativeTypeToScriptingClass (13ms)
	initialDomainReloadingComplete (25ms)
	LoadAllAssembliesAndSetupDomain (226ms)
		LoadAssemblies (287ms)
		RebuildTransferFunctionScriptingTraits (0ms)
		AnalyzeDomain (21ms)
			TypeCache.Refresh (8ms)
				TypeCache.ScanAssembly (0ms)
			ScanForSourceGeneratedMonoScriptInfo (0ms)
			ResolveRequiredComponents (12ms)
	FinalizeReload (1086ms)
		ReleaseScriptCaches (0ms)
		RebuildScriptCaches (0ms)
		SetupLoadedEditorAssemblies (553ms)
			LogAssemblyErrors (0ms)
			InitializePlatformSupportModulesInManaged (31ms)
			SetLoadedEditorAssemblies (3ms)
			RefreshPlugins (0ms)
			BeforeProcessingInitializeOnLoad (85ms)
			ProcessInitializeOnLoadAttributes (378ms)
			ProcessInitializeOnLoadMethodAttributes (52ms)
			AfterProcessingInitializeOnLoad (2ms)
			EditorAssembliesLoaded (1ms)
		ExecutionOrderSort2 (0ms)
		AwakeInstancesAfterBackupRestoration (14ms)
Refreshing native plugins compatible for Editor in 5.02 ms, found 4 plugins.
Preloading 0 native plugins for Editor in 0.00 ms.
Unloading 4833 Unused Serialized files (Serialized files now loaded: 0)
Unloading 46 unused Assets / (218.9 KB). Loaded Objects now: 5393.
Memory consumption went from 194.0 MB to 193.8 MB.
Total: 6.809500 ms (FindLiveObjects: 0.806900 ms CreateObjectMapping: 0.801100 ms MarkObjects: 4.392400 ms  DeleteObjects: 0.806400 ms)

Prepare: number of updated asset objects reloaded= 0
AssetImportParameters requested are different than current active one (requested -> active):
  custom:container-demuxer-ogg: 62fdf1f143b41e24485cea50d1cbac27 -> 
  custom:video-decoder-ogg-theora: a1e56fd34408186e4bbccfd4996cb3dc -> 
  custom:framework-win-MediaFoundation: 216162199b28c13a410421893ffa2e32 -> 
  custom:CustomObjectIndexerAttribute: 6d391050e5a25f67b0a2c618074f2cd9 -> 
  custom:container-demuxer-webm: 4f35f7cbe854078d1ac9338744f61a02 -> 
  custom:container-muxer-webm: aa71ff27fc2769a1b78a27578f13a17b -> 
  custom:video-decoder-webm-vp8: 9c59270c3fd7afecdb556c50c9e8de78 -> 
  custom:SearchIndexIgnoredProperties: e643bd26f0fe6173181afceb89e7c659 -> 
  custom:AudioImporter_EditorPlatform: d09bf68614088b80899f8185d706f6e7 -> 
  custom:video-encoder-webm-vp8: eb34c28f22e8b96e1ab97ce403110664 -> 
  custom:audio-decoder-ogg-vorbis: bf7c407c2cedff20999df2af8eb42d56 -> 
  custom:audio-encoder-webm-vorbis: bf7c407c2cedff20999df2af8eb42d56 -> 
========================================================================
Received Import Request.
  Time since last request: 918.370810 seconds.
  path: Assets/Sprites/UI Kit Pro - Big Bundle/UI Kit Pro - Casual Glossy/Prefabs/Buttons/Button Announcements.prefab
  artifactKey: Guid(8750386861fef47aba6c7c1341fc3db7) Importer(815301076,1909f56bfc062723c751e8b465ee728b)
Start importing Assets/Sprites/UI Kit Pro - Big Bundle/UI Kit Pro - Casual Glossy/Prefabs/Buttons/Button Announcements.prefab using Guid(8750386861fef47aba6c7c1341fc3db7) Importer(815301076,1909f56bfc062723c751e8b465ee728b)  -> (artifact id: '6eb1b0a030308b1df9ac87657bb9ce76') in 0.066771 seconds
Number of updated asset objects reloaded before import = 0
Number of asset objects unloaded after import = 19
========================================================================
Received Import Request.
  Time since last request: 0.409944 seconds.
  path: Assets/Sprites/UI Kit Pro - Big Bundle/UI Kit Pro - Casual Glossy/Prefabs/Buttons/Button Close 1.prefab
  artifactKey: Guid(60ef08bd37d8343afa2c22bb368cfec2) Importer(815301076,1909f56bfc062723c751e8b465ee728b)
Start importing Assets/Sprites/UI Kit Pro - Big Bundle/UI Kit Pro - Casual Glossy/Prefabs/Buttons/Button Close 1.prefab using Guid(60ef08bd37d8343afa2c22bb368cfec2) Importer(815301076,1909f56bfc062723c751e8b465ee728b)  -> (artifact id: '6b610f66f7285b4cbfa466ec90165cc0') in 0.002577 seconds
Number of updated asset objects reloaded before import = 0
Number of asset objects unloaded after import = 8
========================================================================
Received Import Request.
  Time since last request: 3.078227 seconds.
  path: Assets/Sprites/UI Kit Pro - Big Bundle/UI Kit Pro - Casual Glossy/Prefabs/Buttons/Button Close 2.prefab
  artifactKey: Guid(5bb2a19cfdb65401aab08d6d34332780) Importer(815301076,1909f56bfc062723c751e8b465ee728b)
Start importing Assets/Sprites/UI Kit Pro - Big Bundle/UI Kit Pro - Casual Glossy/Prefabs/Buttons/Button Close 2.prefab using Guid(5bb2a19cfdb65401aab08d6d34332780) Importer(815301076,1909f56bfc062723c751e8b465ee728b)  -> (artifact id: '33b34a31f77082efe1a30d05e8505251') in 0.002723 seconds
Number of updated asset objects reloaded before import = 0
Number of asset objects unloaded after import = 8
========================================================================
Received Import Request.
  Time since last request: 0.618947 seconds.
  path: Assets/Sprites/UI Kit Pro - Big Bundle/UI Kit Pro - Casual Glossy/Prefabs/Buttons/Button Close 3.prefab
  artifactKey: Guid(258452e947a394780bbbef715bcfda94) Importer(815301076,1909f56bfc062723c751e8b465ee728b)
Start importing Assets/Sprites/UI Kit Pro - Big Bundle/UI Kit Pro - Casual Glossy/Prefabs/Buttons/Button Close 3.prefab using Guid(258452e947a394780bbbef715bcfda94) Importer(815301076,1909f56bfc062723c751e8b465ee728b)  -> (artifact id: '07e986f5e8b49c3a4c3e162dbba46666') in 0.003085 seconds
Number of updated asset objects reloaded before import = 0
Number of asset objects unloaded after import = 8
========================================================================
Received Import Request.
  Time since last request: 15.489886 seconds.
  path: Assets/Sprites/UI Kit Pro - Big Bundle/UI Kit Pro - Casual Glossy/Images/Buttons/button_Close1.png
  artifactKey: Guid(1ddce6fcf71ac4cbd9d91ca25101556d) Importer(815301076,1909f56bfc062723c751e8b465ee728b)
Start importing Assets/Sprites/UI Kit Pro - Big Bundle/UI Kit Pro - Casual Glossy/Images/Buttons/button_Close1.png using Guid(1ddce6fcf71ac4cbd9d91ca25101556d) Importer(815301076,1909f56bfc062723c751e8b465ee728b)  -> (artifact id: '39ed4eeae7bf8c9b5be8c87aef780bfe') in 0.061339 seconds
Number of updated asset objects reloaded before import = 0
Number of asset objects unloaded after import = 3
========================================================================
Received Import Request.
  Time since last request: 8.787248 seconds.
  path: Assets/Sprites/UI Kit Pro - Big Bundle/UI Kit Pro - Casual Glossy/Images/Buttons/button_Close1.png
  artifactKey: Guid(1ddce6fcf71ac4cbd9d91ca25101556d) Importer(815301076,1909f56bfc062723c751e8b465ee728b)
Start importing Assets/Sprites/UI Kit Pro - Big Bundle/UI Kit Pro - Casual Glossy/Images/Buttons/button_Close1.png using Guid(1ddce6fcf71ac4cbd9d91ca25101556d) Importer(815301076,1909f56bfc062723c751e8b465ee728b)  -> (artifact id: '73caec73ed1910cc0c8511f445b8d6e0') in 0.019535 seconds
Number of updated asset objects reloaded before import = 0
Number of asset objects unloaded after import = 2
========================================================================
Received Import Request.
  Time since last request: 3.653833 seconds.
  path: Assets/Sprites/UI Kit Pro - Big Bundle/UI Kit Pro - Casual Glossy/Images/Buttons/button_Close1.png
  artifactKey: Guid(1ddce6fcf71ac4cbd9d91ca25101556d) Importer(815301076,1909f56bfc062723c751e8b465ee728b)
Start importing Assets/Sprites/UI Kit Pro - Big Bundle/UI Kit Pro - Casual Glossy/Images/Buttons/button_Close1.png using Guid(1ddce6fcf71ac4cbd9d91ca25101556d) Importer(815301076,1909f56bfc062723c751e8b465ee728b)  -> (artifact id: '21f19b9f5fbed7d9e2f45fde1d97fa8e') in 0.016782 seconds
Number of updated asset objects reloaded before import = 0
Number of asset objects unloaded after import = 3
